[    0.000000] Initializing cgroup subsys cpuset
[    0.000000] Initializing cgroup subsys cpu
[    0.000000] Initializing cgroup subsys cpuacct
[    0.000000] Linux version 4.4.0-184-generic (buildd@lgw01-amd64-060) (gcc version 5.4.0 20160609 (Ubuntu 5.4.0-6ubuntu1~16.04.12) ) #214-Ubuntu SMP Thu Jun 4 10:14:11 UTC 2020 (Ubuntu 4.4.0-184.214-generic 4.4.223)
[    0.000000] Command line: BOOT_IMAGE=/boot/vmlinuz-4.4.0-184-generic root=LABEL=cloudimg-rootfs ro console=tty1 console=ttyS0
[    0.000000] KERNEL supported cpus:
[    0.000000]   Intel GenuineIntel
[    0.000000]   AMD AuthenticAMD
[    0.000000]   Centaur CentaurHauls
[    0.000000] x86/fpu: xstate_offset[2]:  576, xstate_sizes[2]:  256
[    0.000000] x86/fpu: Supporting XSAVE feature 0x01: 'x87 floating point registers'
[    0.000000] x86/fpu: Supporting XSAVE feature 0x02: 'SSE registers'
[    0.000000] x86/fpu: Supporting XSAVE feature 0x04: 'AVX registers'
[    0.000000] x86/fpu: Enabled xstate features 0x7, context size is 832 bytes, using 'standard' format.
[    0.000000] e820: BIOS-provided physical RAM map:
[    0.000000] BIOS-e820: [mem 0x0000000000000000-0x000000000009fbff] usable
[    0.000000] BIOS-e820: [mem 0x000000000009fc00-0x000000000009ffff] reserved
[    0.000000] BIOS-e820: [mem 0x00000000000f0000-0x00000000000fffff] reserved
[    0.000000] BIOS-e820: [mem 0x0000000000100000-0x000000003ffeffff] usable
[    0.000000] BIOS-e820: [mem 0x000000003fff0000-0x000000003fffffff] ACPI data
[    0.000000] BIOS-e820: [mem 0x00000000fec00000-0x00000000fec00fff] reserved
[    0.000000] BIOS-e820: [mem 0x00000000fee00000-0x00000000fee00fff] reserved
[    0.000000] BIOS-e820: [mem 0x00000000fffc0000-0x00000000ffffffff] reserved
[    0.000000] NX (Execute Disable) protection: active
[    0.000000] SMBIOS 2.5 present.
[    0.000000] Hypervisor detected: KVM
[    0.000000] e820: last_pfn = 0x3fff0 max_arch_pfn = 0x400000000
[    0.000000] MTRR: Disabled
[    0.000000] x86/PAT: MTRRs disabled, skipping PAT initialization too.
[    0.000000] CPU MTRRs all blank - virtualized system.
[    0.000000] x86/PAT: Configuration [0-7]: WB  WT  UC- UC  WB  WT  UC- UC  
[    0.000000] found SMP MP-table at [mem 0x0009fff0-0x0009ffff] mapped at [ffff88000009fff0]
[    0.000000] Scanning 1 areas for low memory corruption
[    0.000000] RAMDISK: [mem 0x362de000-0x37166fff]
[    0.000000] ACPI: Early table checksum verification disabled
[    0.000000] ACPI: RSDP 0x00000000000E0000 000024 (v02 VBOX  )
[    0.000000] ACPI: XSDT 0x000000003FFF0030 00003C (v01 VBOX   VBOXXSDT 00000001 ASL  00000061)
[    0.000000] ACPI: FACP 0x000000003FFF00F0 0000F4 (v04 VBOX   VBOXFACP 00000001 ASL  00000061)
[    0.000000] ACPI: DSDT 0x000000003FFF0470 002325 (v02 VBOX   VBOXBIOS 00000002 INTL 20100528)
[    0.000000] ACPI: FACS 0x000000003FFF0200 000040
[    0.000000] ACPI: FACS 0x000000003FFF0200 000040
[    0.000000] ACPI: APIC 0x000000003FFF0240 00005C (v02 VBOX   VBOXAPIC 00000001 ASL  00000061)
[    0.000000] ACPI: SSDT 0x000000003FFF02A0 0001CC (v01 VBOX   VBOXCPUT 00000002 INTL 20100528)
[    0.000000] No NUMA configuration found
[    0.000000] Faking a node at [mem 0x0000000000000000-0x000000003ffeffff]
[    0.000000] NODE_DATA(0) allocated [mem 0x3ffeb000-0x3ffeffff]
[    0.000000] kvm-clock: Using msrs 4b564d01 and 4b564d00
[    0.000000] kvm-clock: cpu 0, msr 0:3ffe3001, primary cpu clock
[    0.000000] kvm-clock: using sched offset of 3590247023 cycles
[    0.000000] clocksource: kvm-clock: mask: 0xffffffffffffffff max_cycles: 0x1cd42e4dffb, max_idle_ns: 881590591483 ns
[    0.000000] Zone ranges:
[    0.000000]   DMA      [mem 0x0000000000001000-0x0000000000ffffff]
[    0.000000]   DMA32    [mem 0x0000000001000000-0x000000003ffeffff]
[    0.000000]   Normal   empty
[    0.000000]   Device   empty
[    0.000000] Movable zone start for each node
[    0.000000] Early memory node ranges
[    0.000000]   node   0: [mem 0x0000000000001000-0x000000000009efff]
[    0.000000]   node   0: [mem 0x0000000000100000-0x000000003ffeffff]
[    0.000000] Initmem setup node 0 [mem 0x0000000000001000-0x000000003ffeffff]
[    0.000000] ACPI: PM-Timer IO Port: 0x4008
[    0.000000] IOAPIC[0]: apic_id 2, version 32, address 0xfec00000, GSI 0-23
[    0.000000] ACPI: INT_SRC_OVR (bus 0 bus_irq 0 global_irq 2 dfl dfl)
[    0.000000] ACPI: INT_SRC_OVR (bus 0 bus_irq 9 global_irq 9 low level)
[    0.000000] Using ACPI (MADT) for SMP configuration information
[    0.000000] smpboot: Allowing 2 CPUs, 0 hotplug CPUs
[    0.000000] PM: Registered nosave memory: [mem 0x00000000-0x00000fff]
[    0.000000] PM: Registered nosave memory: [mem 0x0009f000-0x0009ffff]
[    0.000000] PM: Registered nosave memory: [mem 0x000a0000-0x000effff]
[    0.000000] PM: Registered nosave memory: [mem 0x000f0000-0x000fffff]
[    0.000000] e820: [mem 0x40000000-0xfebfffff] available for PCI devices
[    0.000000] Booting paravirtualized kernel on KVM
[    0.000000] clocksource: refined-jiffies: mask: 0xffffffff max_cycles: 0xffffffff, max_idle_ns: 7645519600211568 ns
[    0.000000] setup_percpu: NR_CPUS:512 nr_cpumask_bits:512 nr_cpu_ids:2 nr_node_ids:1
[    0.000000] PERCPU: Embedded 33 pages/cpu @ffff88003fc00000 s95448 r8192 d31528 u1048576
[    0.000000] Built 1 zonelists in Node order, mobility grouping on.  Total pages: 257912
[    0.000000] Policy zone: DMA32
[    0.000000] Kernel command line: BOOT_IMAGE=/boot/vmlinuz-4.4.0-184-generic root=LABEL=cloudimg-rootfs ro console=tty1 console=ttyS0
[    0.000000] PID hash table entries: 4096 (order: 3, 32768 bytes)
[    0.000000] Memory: 997664K/1048120K available (8632K kernel code, 1336K rwdata, 4036K rodata, 1492K init, 1292K bss, 50456K reserved, 0K cma-reserved)
[    0.000000] SLUB: HWalign=64, Order=0-3, MinObjects=0, CPUs=2, Nodes=1
[    0.000000] Kernel/User page tables isolation: enabled
[    0.000000] Hierarchical RCU implementation.
[    0.000000] 	Build-time adjustment of leaf fanout to 64.
[    0.000000] 	RCU restricting CPUs from NR_CPUS=512 to nr_cpu_ids=2.
[    0.000000] RCU: Adjusting geometry for rcu_fanout_leaf=64, nr_cpu_ids=2
[    0.000000] NR_IRQS:33024 nr_irqs:440 16
[    0.000000] Console: colour VGA+ 80x25
[    0.000000] console [tty1] enabled
[    0.000000] console [ttyS0] enabled
[    0.000000] tsc: Detected 2400.000 MHz processor
[    0.167516] Calibrating delay loop (skipped) preset value.. 4800.00 BogoMIPS (lpj=9600000)
[    0.169791] pid_max: default: 32768 minimum: 301
[    0.170816] ACPI: Core revision 20150930
[    0.173552] ACPI: 2 ACPI AML tables successfully acquired and loaded
[    0.175445] Security Framework initialized
[    0.176590] Yama: becoming mindful.
[    0.177538] AppArmor: AppArmor initialized
[    0.178583] Dentry cache hash table entries: 131072 (order: 8, 1048576 bytes)
[    0.182651] Inode-cache hash table entries: 65536 (order: 7, 524288 bytes)
[    0.184606] Mount-cache hash table entries: 2048 (order: 2, 16384 bytes)
[    0.185911] Mountpoint-cache hash table entries: 2048 (order: 2, 16384 bytes)
[    0.187411] Initializing cgroup subsys io
[    0.188342] Initializing cgroup subsys memory
[    0.189438] Initializing cgroup subsys devices
[    0.190752] Initializing cgroup subsys freezer
[    0.191730] Initializing cgroup subsys net_cls
[    0.192687] Initializing cgroup subsys perf_event
[    0.193766] Initializing cgroup subsys net_prio
[    0.194801] Initializing cgroup subsys hugetlb
[    0.195870] Initializing cgroup subsys pids
[    0.198077] mce: CPU supports 0 MCE banks
[    0.199209] Last level iTLB entries: 4KB 64, 2MB 8, 4MB 8
[    0.200389] Last level dTLB entries: 4KB 64, 2MB 0, 4MB 0, 1GB 4
[    0.201601] Spectre V1 : Mitigation: usercopy/swapgs barriers and __user pointer sanitization
[    0.203444] Spectre V2 : Mitigation: Full generic retpoline
[    0.204621] Spectre V2 : Spectre v2 / SpectreRSB mitigation: Filling RSB on context switch
[    0.206609] Speculative Store Bypass: Vulnerable
[    0.207632] SRBDS: Unknown: Dependent on hypervisor status
[    0.208805] MDS: Mitigation: Clear CPU buffers
[    0.212498] Freeing SMP alternatives memory: 36K
[    0.219566] ftrace: allocating 32319 entries in 127 pages
[    0.280987] smpboot: APIC(0) Converting physical 0 to logical package 0
[    0.282577] smpboot: Max logical packages: 1
[    0.283843] x2apic enabled
[    0.284844] Switched APIC routing to physical x2apic.
[    0.287554] ..TIMER: vector=0x30 apic1=0 pin1=2 apic2=-1 pin2=-1
[    0.396951] smpboot: CPU0: Intel(R) Core(TM) i5-9300H CPU @ 2.40GHz (family: 0x6, model: 0x9e, stepping: 0xa)
[    0.399399] Performance Events: unsupported p6 CPU model 158 no PMU driver, software events only.
[    0.411353] KVM setup paravirtual spinlock
[    0.413161] x86: Booting SMP configuration:
[    0.414128] .... node  #0, CPUs:      #1
[    0.415516] kvm-clock: cpu 1, msr 0:3ffe3041, secondary cpu clock
[    0.417406] mce: CPU supports 0 MCE banks
[    0.420044] x86: Booted up 1 node, 2 CPUs
[    0.421221] smpboot: Total of 2 processors activated (9600.00 BogoMIPS)
[    0.423226] devtmpfs: initialized
[    0.425578] evm: security.selinux
[    0.426568] evm: security.SMACK64
[    0.427468] evm: security.SMACK64EXEC
[    0.428374] evm: security.SMACK64TRANSMUTE
[    0.429418] evm: security.SMACK64MMAP
[    0.430252] evm: security.ima
[    0.431045] evm: security.capability
[    0.432312] clocksource: jiffies: mask: 0xffffffff max_cycles: 0xffffffff, max_idle_ns: 7645041785100000 ns
[    0.434887] futex hash table entries: 512 (order: 3, 32768 bytes)
[    0.436277] pinctrl core: initialized pinctrl subsystem
[    0.437523] RTC time:  9:48:24, date: 07/01/20
[    0.438611] NET: Registered protocol family 16
[    0.450241] cpuidle: using governor ladder
[    0.464956] cpuidle: using governor menu
[    0.466172] PCCT header not found.
[    0.467293] ACPI: bus type PCI registered
[    0.468183] acpiphp: ACPI Hot Plug PCI Controller Driver version: 0.5
[    0.469650] PCI: Using configuration type 1 for base access
[    0.483796] ACPI: Added _OSI(Module Device)
[    0.485133] ACPI: Added _OSI(Processor Device)
[    0.486119] ACPI: Added _OSI(3.0 _SCP Extensions)
[    0.487176] ACPI: Added _OSI(Processor Aggregator Device)
[    0.489531] ACPI: Executed 1 blocks of module-level executable AML code
[    0.493576] ACPI: Interpreter enabled
[    0.494755] ACPI: (supports S0 S5)
[    0.495849] ACPI: Using IOAPIC for interrupt routing
[    0.498058] PCI: Using host bridge windows from ACPI; if necessary, use "pci=nocrs" and report a bug
[    0.506043] ACPI: PCI Root Bridge [PCI0] (domain 0000 [bus 00-ff])
[    0.507429] acpi PNP0A03:00: _OSC: OS supports [ASPM ClockPM Segments MSI]
[    0.510360] acpi PNP0A03:00: _OSC: not requesting OS control; OS requires [ExtendedConfig ASPM ClockPM MSI]
[    0.513078] acpi PNP0A03:00: fail to add MMCONFIG information, can't access extended PCI configuration space under this bridge.
[    0.516413] PCI host bridge to bus 0000:00
[    0.518036] pci_bus 0000:00: root bus resource [io  0x0000-0x0cf7 window]
[    0.519467] pci_bus 0000:00: root bus resource [io  0x0d00-0xffff window]
[    0.521626] pci_bus 0000:00: root bus resource [mem 0x000a0000-0x000bffff window]
[    0.523680] pci_bus 0000:00: root bus resource [mem 0x40000000-0xfdffffff window]
[    0.526216] pci_bus 0000:00: root bus resource [bus 00-ff]
[    0.529946] pci 0000:00:01.1: legacy IDE quirk: reg 0x10: [io  0x01f0-0x01f7]
[    0.531828] pci 0000:00:01.1: legacy IDE quirk: reg 0x14: [io  0x03f6]
[    0.533418] pci 0000:00:01.1: legacy IDE quirk: reg 0x18: [io  0x0170-0x0177]
[    0.548602] pci 0000:00:01.1: legacy IDE quirk: reg 0x1c: [io  0x0376]
[    0.578178] pci 0000:00:07.0: quirk: [io  0x4000-0x403f] claimed by PIIX4 ACPI
[    0.580453] pci 0000:00:07.0: quirk: [io  0x4100-0x410f] claimed by PIIX4 SMB
[    0.598721] ACPI: PCI Interrupt Link [LNKA] (IRQs 5 9 10 *11)
[    0.601318] ACPI: PCI Interrupt Link [LNKB] (IRQs 5 9 *10 11)
[    0.603375] ACPI: PCI Interrupt Link [LNKC] (IRQs 5 *9 10 11)
[    0.606156] ACPI: PCI Interrupt Link [LNKD] (IRQs 5 9 10 *11)
[    0.608234] ACPI: Enabled 2 GPEs in block 00 to 07
[    0.609956] vgaarb: setting as boot device: PCI:0000:00:02.0
[    0.611338] vgaarb: device added: PCI:0000:00:02.0,decodes=io+mem,owns=io+mem,locks=none
[    0.613424] vgaarb: loaded
[    0.614275] vgaarb: bridge control possible 0000:00:02.0
[    0.615915] SCSI subsystem initialized
[    0.617052] ACPI: bus type USB registered
[    0.618251] usbcore: registered new interface driver usbfs
[    0.619937] usbcore: registered new interface driver hub
[    0.621559] usbcore: registered new device driver usb
[    0.623533] PCI: Using ACPI for IRQ routing
[    0.627826] NetLabel: Initializing
[    0.628727] NetLabel:  domain hash size = 128
[    0.629678] NetLabel:  protocols = UNLABELED CIPSOv4
[    0.630718] NetLabel:  unlabeled traffic allowed by default
[    0.632113] amd_nb: Cannot enumerate AMD northbridges
[    0.633458] clocksource: Switched to clocksource kvm-clock
[    0.647441] AppArmor: AppArmor Filesystem Enabled
[    0.648783] pnp: PnP ACPI init
[    0.650375] pnp: PnP ACPI: found 3 devices
[    0.662042] clocksource: acpi_pm: mask: 0xffffff max_cycles: 0xffffff, max_idle_ns: 2085701024 ns
[    0.664012] NET: Registered protocol family 2
[    0.665101] TCP established hash table entries: 8192 (order: 4, 65536 bytes)
[    0.666655] TCP bind hash table entries: 8192 (order: 5, 131072 bytes)
[    0.668153] TCP: Hash tables configured (established 8192 bind 8192)
[    0.669605] UDP hash table entries: 512 (order: 2, 16384 bytes)
[    0.670899] UDP-Lite hash table entries: 512 (order: 2, 16384 bytes)
[    0.672198] NET: Registered protocol family 1
[    0.673143] pci 0000:00:00.0: Limiting direct PCI/PCI transfers
[    0.674506] pci 0000:00:01.0: Activating ISA DMA hang workarounds
[    0.676274] Unpacking initramfs...
[    0.892012] Freeing initrd memory: 14884K
[    0.893218] clocksource: tsc: mask: 0xffffffffffffffff max_cycles: 0x22983777dd9, max_idle_ns: 440795300422 ns
[    0.895999] platform rtc_cmos: registered platform RTC device (no PNP device found)
[    0.897965] Scanning for low memory corruption every 60 seconds
[    0.899865] audit: initializing netlink subsys (disabled)
[    0.901062] audit: type=2000 audit(1593596909.218:1): initialized
[    0.902738] Initialise system trusted keyring
[    0.904043] HugeTLB registered 2 MB page size, pre-allocated 0 pages
[    0.906790] zbud: loaded
[    0.907839] VFS: Disk quotas dquot_6.6.0
[    0.908794] VFS: Dquot-cache hash table entries: 512 (order 0, 4096 bytes)
[    0.910500] squashfs: version 4.0 (2009/01/31) Phillip Lougher
[    0.912220] fuse init (API version 7.23)
[    0.913293] Key type big_key registered
[    0.914511] Allocating IMA MOK and blacklist keyrings.
[    0.917594] Key type asymmetric registered
[    0.918627] Asymmetric key parser 'x509' registered
[    0.919796] Block layer SCSI generic (bsg) driver version 0.4 loaded (major 249)
[    0.921869] io scheduler noop registered
[    0.922779] io scheduler deadline registered (default)
[    0.923937] io scheduler cfq registered
[    0.925825] pci_hotplug: PCI Hot Plug PCI Core version: 0.5
[    0.927494] pciehp: PCI Express Hot Plug Controller Driver version: 0.4
[    0.929036] ACPI: AC Adapter [AC] (on-line)
[    0.930140] input: Power Button as /devices/LNXSYSTM:00/LNXPWRBN:00/input/input0
[    0.932245] ACPI: Power Button [PWRF]
[    0.933204] input: Sleep Button as /devices/LNXSYSTM:00/LNXSLPBN:00/input/input1
[    0.935251] ACPI: Sleep Button [SLPF]
[    0.936961] ACPI: Battery Slot [BAT0] (battery present)
[    0.938266] GHES: HEST is not enabled!
[    0.939517] Serial: 8250/16550 driver, 32 ports, IRQ sharing enabled
[    0.961738] 00:02: ttyS0 at I/O 0x3f8 (irq = 4, base_baud = 115200) is a 16550A
[    0.974202] Linux agpgart interface v0.103
[    0.977864] loop: module loaded
[    0.979624] scsi host0: ata_piix
[    0.980978] scsi host1: ata_piix
[    0.982086] ata1: PATA max UDMA/33 cmd 0x1f0 ctl 0x3f6 bmdma 0xd000 irq 14
[    0.983991] ata2: PATA max UDMA/33 cmd 0x170 ctl 0x376 bmdma 0xd008 irq 15
[    0.985861] libphy: Fixed MDIO Bus: probed
[    0.987225] tun: Universal TUN/TAP device driver, 1.6
[    0.989062] tun: (C) 1999-2004 Max Krasnyansky <maxk@qualcomm.com>
[    0.991188] PPP generic driver version 2.4.2
[    0.992316] ehci_hcd: USB 2.0 'Enhanced' Host Controller (EHCI) Driver
[    0.993969] ehci-pci: EHCI PCI platform driver
[    0.995309] ehci-platform: EHCI generic platform driver
[    0.996815] ohci_hcd: USB 1.1 'Open' Host Controller (OHCI) Driver
[    0.998857] ohci-pci: OHCI PCI platform driver
[    1.000247] ohci-platform: OHCI generic platform driver
[    1.001835] uhci_hcd: USB Universal Host Controller Interface driver
[    1.003848] i8042: PNP: PS/2 Controller [PNP0303:PS2K,PNP0f03:PS2M] at 0x60,0x64 irq 1,12
[    1.007264] serio: i8042 KBD port at 0x60,0x64 irq 1
[    1.008741] serio: i8042 AUX port at 0x60,0x64 irq 12
[    1.010742] mousedev: PS/2 mouse device common for all mice
[    1.012787] input: AT Translated Set 2 keyboard as /devices/platform/i8042/serio0/input/input2
[    1.015943] rtc_cmos rtc_cmos: rtc core: registered rtc_cmos as rtc0
[    1.017820] rtc_cmos rtc_cmos: alarms up to one day, 114 bytes nvram
[    1.019164] i2c /dev entries driver
[    1.020155] device-mapper: uevent: version 1.0.3
[    1.022537] device-mapper: ioctl: 4.34.0-ioctl (2015-10-28) initialised: dm-devel@redhat.com
[    1.025174] ledtrig-cpu: registered to indicate activity on CPUs
[    1.027501] NET: Registered protocol family 10
[    1.029647] NET: Registered protocol family 17
[    1.031071] Key type dns_resolver registered
[    1.032873] registered taskstats version 1
[    1.033894] Loading compiled-in X.509 certificates
[    1.035627] Loaded X.509 cert 'Build time autogenerated kernel key: b6ae09eed57f82583ccd3c65c463e852cdd7a0b5'
[    1.038240] zswap: loaded using pool lzo/zbud
[    1.042567] Key type trusted registered
[    1.048386] Key type encrypted registered
[    1.049309] AppArmor: AppArmor sha1 policy hashing enabled
[    1.051160] ima: No TPM chip found, activating TPM-bypass!
[    1.053410] ima: Allocated hash algorithm: sha1
[    1.054946] evm: HMAC attrs: 0x1
[    1.056267]   Magic number: 12:819:827
[    1.057534] misc hw_random: hash matches
[    1.059035] rtc_cmos rtc_cmos: setting system clock to 2020-07-01 09:48:24 UTC (1593596904)
[    1.061318] BIOS EDD facility v0.16 2004-Jun-25, 0 devices found
[    1.062567] EDD information not available.
[    1.167967] Freeing unused kernel memory: 1492K
[    1.169424] Write protecting the kernel read-only data: 14336k
[    1.171399] Freeing unused kernel memory: 1596K
[    1.172762] Freeing unused kernel memory: 60K
Loading, please wait...
starting version 229
[    1.188907] random: systemd-udevd: uninitialized urandom read (16 bytes read, 3 bits of entropy available)
[    1.189920] random: udevadm: uninitialized urandom read (16 bytes read, 3 bits of entropy available)
[    1.189937] random: udevadm: uninitialized urandom read (16 bytes read, 3 bits of entropy available)
[    1.196015] random: systemd-udevd: uninitialized urandom read (16 bytes read, 3 bits of entropy available)
[    1.198913] random: udevadm: uninitialized urandom read (16 bytes read, 3 bits of entropy available)
[    1.198949] random: udevadm: uninitialized urandom read (16 bytes read, 3 bits of entropy available)
[    1.199072] random: udevadm: uninitialized urandom read (16 bytes read, 3 bits of entropy available)
[    1.199115] random: udevadm: uninitialized urandom read (16 bytes read, 3 bits of entropy available)
[    1.199157] random: udevadm: uninitialized urandom read (16 bytes read, 3 bits of entropy available)
[    1.199200] random: udevadm: uninitialized urandom read (16 bytes read, 3 bits of entropy available)
[    1.244113] Fusion MPT base driver 3.04.20
[    1.245413] Copyright (c) 1999-2008 LSI Corporation
[    1.252494] e1000: Intel(R) PRO/1000 Network Driver - version 7.3.21-k8-NAPI
[    1.254245] e1000: Copyright (c) 1999-2006 Intel Corporation.
[    1.271112] AVX2 version of gcm_enc/dec engaged.
[    1.272260] AES CTR mode by8 optimization enabled
[    1.287975] Fusion MPT SPI Host driver 3.04.20
[    1.468365] input: ImExPS/2 Generic Explorer Mouse as /devices/platform/i8042/serio1/input/input4
[    1.654846] e1000 0000:00:03.0 eth0: (PCI:33MHz:32-bit) 02:89:fa:04:16:8f
[    1.656861] e1000 0000:00:03.0 eth0: Intel(R) PRO/1000 Network Connection
[    2.061072] e1000 0000:00:08.0 eth1: (PCI:33MHz:32-bit) 08:00:27:02:ad:02
[    2.062735] e1000 0000:00:08.0 eth1: Intel(R) PRO/1000 Network Connection
[    2.066007] mptbase: ioc0: Initiating bringup
[    2.066229] e1000 0000:00:08.0 enp0s8: renamed from eth1
[    2.078666] e1000 0000:00:03.0 enp0s3: renamed from eth0
[    2.522000] ioc0: LSI53C1030 A0: Capabilities={Initiator}
[    4.443640] scsi host2: ioc0: LSI53C1030 A0, FwRev=00000000h, Ports=1, MaxQ=256, IRQ=20
[    6.744364] scsi 2:0:0:0: Direct-Access     VBOX     HARDDISK         1.0  PQ: 0 ANSI: 5
[    6.746640] scsi target2:0:0: Beginning Domain Validation
[    6.750616] scsi target2:0:0: Domain Validation skipping write tests
[    6.752247] scsi target2:0:0: Ending Domain Validation
[    6.753614] scsi target2:0:0: asynchronous
[    6.755567] scsi 2:0:1:0: Direct-Access     VBOX     HARDDISK         1.0  PQ: 0 ANSI: 5
[    6.770638] scsi target2:0:1: Beginning Domain Validation
[    6.774417] scsi target2:0:1: Domain Validation skipping write tests
[    6.776247] scsi target2:0:1: Ending Domain Validation
[    6.780781] scsi target2:0:1: asynchronous
[    6.790429] sd 2:0:0:0: Attached scsi generic sg0 type 0
[    6.792079] sd 2:0:0:0: [sda] 20971520 512-byte logical blocks: (10.7 GB/10.0 GiB)
[    6.794820] sd 2:0:1:0: Attached scsi generic sg1 type 0
[    6.796023] sd 2:0:1:0: [sdb] 20480 512-byte logical blocks: (10.5 MB/10.0 MiB)
[    6.798107] sd 2:0:0:0: [sda] Write Protect is off
[    6.799607] sd 2:0:1:0: [sdb] Write Protect is off
[    6.801335] sd 2:0:1:0: [sdb] Incomplete mode parameter data
[    6.802721] sd 2:0:1:0: [sdb] Assuming drive cache: write through
[    6.804050] sd 2:0:0:0: [sda] Incomplete mode parameter data
[    6.805342] sd 2:0:0:0: [sda] Assuming drive cache: write through
[    6.818223]  sda: sda1
[    6.820577] sd 2:0:0:0: [sda] Attached SCSI disk
[    6.821863] sd 2:0:1:0: [sdb] Attached SCSI disk
Begin: Loading essential drivers ... [    8.231512] md: linear personality registered for level -1
[    8.235035] md: multipath personality registered for level -4
[    8.238759] md: raid0 personality registered for level 0
[    8.243703] md: raid1 personality registered for level 1
[    8.313539] raid6: sse2x1   gen() 13257 MB/s
[    8.381563] raid6: sse2x1   xor()  8516 MB/s
[    8.449592] raid6: sse2x2   gen() 14340 MB/s
[    8.517539] raid6: sse2x2   xor() 10023 MB/s
[    8.585823] raid6: sse2x4   gen() 14485 MB/s
[    8.653562] raid6: sse2x4   xor()  9074 MB/s
[    8.721511] raid6: avx2x1   gen() 22661 MB/s
[    8.789806] raid6: avx2x2   gen() 28779 MB/s
[    8.857615] raid6: avx2x4   gen() 33323 MB/s
[    8.858652] raid6: using algorithm avx2x4 gen() 33323 MB/s
[    8.859810] raid6: using avx2x2 recovery algorithm
[    8.862518] xor: automatically using best checksumming function:
[    8.901471]    avx       : 33984.000 MB/sec
[    8.903945] async_tx: api initialized (async)
[    8.914147] md: raid6 personality registered for level 6
[    8.915222] md: raid5 personality registered for level 5
[    8.916344] md: raid4 personality registered for level 4
[    8.924129] md: raid10 personality registered for level 10
done.
Begin: Running /scripts/init-premount ... done.
Begin: Mounting root file system ... Begin: Running /scripts/local-top ... done.
Begin: Running /scripts/local-premount ... [    8.952955] Btrfs loaded
Scanning for Btrfs filesystems
done.
Warning: fsck not present, so skipping root file system
[    8.994060] EXT4-fs (sda1): mounted filesystem with ordered data mode. Opts: (null)
done.
Begin: Running /scripts/local-bottom ... done.
Begin: Running /scripts/init-bottom ... done.
[    9.084180] systemd[1]: systemd 229 running in system mode. (+PAM +AUDIT +SELINUX +IMA +APPARMOR +SMACK +SYSVINIT +UTMP +LIBCRYPTSETUP +GCRYPT +GNUTLS +ACL +XZ -LZ4 +SECCOMP +BLKID +ELFUTILS +KMOD -IDN)
[    9.087605] systemd[1]: Detected virtualization oracle.
[    9.088642] systemd[1]: Detected architecture x86-64.

Welcome to [1mUbuntu 16.04.6 LTS[0m!

[    9.092610] systemd[1]: Set hostname to <ubuntu-xenial>.
[    9.231908] systemd[1]: Created slice System Slice.
[[0;32m  OK  [0m] Created slice System Slice.
[    9.233678] systemd[1]: Reached target User and Group Name Lookups.
[[0;32m  OK  [0m] Reached target User and Group Name Lookups.
[    9.235847] systemd[1]: Listening on Journal Socket (/dev/log).
[[0;32m  OK  [0m] Listening on Journal Socket (/dev/log).
[    9.245767] systemd[1]: Listening on /dev/initctl Compatibility Named Pipe.
[[0;32m  OK  [0m] Listening on /dev/initctl Compatibility Named Pipe.
[    9.248303] systemd[1]: Started Trigger resolvconf update for networkd DNS.
[[0;32m  OK  [0m] Started Trigger resolvconf update for networkd DNS.
[    9.250640] systemd[1]: Listening on LVM2 poll daemon socket.
[[0;32m  OK  [0m] Listening on LVM2 poll daemon socket.
[    9.252958] systemd[1]: Listening on udev Kernel Socket.
[[0;32m  OK  [0m] Listening on udev Kernel Socket.
[    9.262488] systemd[1]: Reached target Swap.
[[0;32m  OK  [0m] Reached target Swap.
[    9.270114] systemd[1]: Listening on Journal Socket.
[[0;32m  OK  [0m] Listening on Journal Socket.
[    9.281880] systemd[1]: Starting Create list of required static device nodes for the current kernel...
         Starting Create list of required st... nodes for the current kernel...
[    9.285930] systemd[1]: Starting Nameserver information manager...
         Starting Nameserver information manager...
[    9.288550] systemd[1]: Mounting Debug File System...
         Mounting Debug File System...
[    9.290848] systemd[1]: Starting Uncomplicated firewall...
         Starting Uncomplicated firewall...
[    9.293944] systemd[1]: Mounting Huge Pages File System...
         Mounting Huge Pages File System...
[    9.296593] systemd[1]: Starting Remount Root and Kernel File Systems...
         Starting Remount Root and Kernel File Systems...
[    9.299125] systemd[1]: Listening on Journal Audit Socket.
[[0;32m  OK  [0m] Listening on Journal Audit Socket.
[    9.302093] systemd[1]: Created slice system-serial\x2dgetty.slice.
[    9.303642] EXT4-fs (sda1): re-mounted. Opts: (null)
[[0;32m  OK  [0m] Created slice system-serial\x2dgetty.slice.
[    9.310410] systemd[1]: Created slice User and Session Slice.
[[0;32m  OK  [0m] Created slice User and Session Slice.
[    9.317940] systemd[1]: Reached target Slices.
[[0;32m  OK  [0m] Reached target Slices.
[    9.325812] systemd[1]: Listening on Syslog Socket.
[[0;32m  OK  [0m] Listening on Syslog Socket.
[    9.327972] systemd[1]: Started Forward Password Requests to Wall Directory Watch.
[[0;32m  OK  [0m] Started Forward Password Requests to Wall Directory Watch.
[    9.330567] systemd[1]: Listening on udev Control Socket.
[[0;32m  OK  [0m] Listening on udev Control Socket.
[    9.337761] systemd[1]: Set up automount Arbitrary Executable File Formats File System Automount Point.
[[0;32m  OK  [0m] Set up automount Arbitrary Executab...ats File System Automount Point.
[    9.347588] systemd[1]: Reached target Encrypted Volumes.
[[0;32m  OK  [0m] Reached target Encrypted Volumes.
[    9.349734] systemd[1]: Listening on LVM2 metadata daemon socket.
[[0;32m  OK  [0m] Listening on LVM2 metadata daemon socket.
[    9.361913] systemd[1]: Mounting POSIX Message Queue File System...
         Mounting POSIX Message Queue File System...
[    9.371583] systemd[1]: Starting Load Kernel Modules...
         Starting Load Kernel Modules...
[    9.373512] systemd[1]: Listening on Device-mapper event daemon FIFOs.
[[0;32m  OK  [0m] Listening on Device-mapper event daemon FIFOs.
[    9.377986] Loading iSCSI transport class v2.0-870.
[    9.382678] systemd[1]: Starting Monitoring of LVM2 mirrors, snapshots etc. using dmeventd or progress polling...
         Starting Monitoring of LVM2 mirrors... dmeventd or progress polling...
[    9.386699] systemd[1]: Reached target System Time Synchronized.
[[0;32m  OK  [0m] Reached target System Time Synchronized.
[    9.389835] iscsi: registered transport (tcp)
[    9.390491] systemd[1]: Starting Journal Service...
         Starting Journal Service...
[    9.398339] systemd[1]: Starting Set console keymap...
         Starting Set console keymap...
[    9.402060] systemd[1]: Mounted Huge Pages File System.
[[0;32m  OK  [0m] Mounted Huge Pages File System.
[    9.408151] systemd[1]: Mounted POSIX Message Queue File System.
[[0;32m  OK  [0m] Mounted POSIX Message Queue File System.
[    9.410846] systemd[1]: Mounted Debug File System.
[[0;32m  OK  [0m] Mounted Debug File System.
[    9.418302] systemd[1]: Started Create list of required static device nodes for the current kernel.
[[0;32m  OK  [0m] Started Create list of required sta...ce nodes for the current kernel.
[    9.442272] systemd[1]: Started Uncomplicated firewall.
[[0;32m  OK  [0m] Started Uncomplicated firewall.
[    9.444635] systemd[1]: Started Remount Root and Kernel File Systems.
[    9.446383] iscsi: registered transport (iser)
[[0;32m  OK  [0m] Started Remount Root and Kernel File Systems.
[    9.448579] systemd[1]: Started Load Kernel Modules.
[[0;32m  OK  [0m] Started Load Kernel Modules.
[    9.451305] systemd[1]: Started Nameserver information manager.
[[0;32m  OK  [0m] Started Nameserver information manager.
[    9.455295] systemd[1]: Started Journal Service.
[[0;32m  OK  [0m] Started Journal Service.
[[0;32m  OK  [0m] Started LVM2 metadata daemon.
         Starting Apply Kernel Variables...
         Mounting FUSE Control File System...
         Starting Flush Journal to Persistent Storage...
         Starting udev Coldplug all Devices...
         Starting Load/Save Random Seed...
         Starting Create Static Device Nodes in /dev...
[[0;32m  OK  [0m] Mounted FUSE Control File System.
[[0;32m  OK  [0m] Started Apply Kernel Variables.
[[0;32m  OK  [0m] Started Load/Save Random Seed.
[[0;32m  OK  [0m] Started Create Static Device Nodes in /dev.
         Starting udev Kernel Device Manager...
[[0;32m  OK  [0m] Started Flush Journal to Persistent Storage.
[[0;32m  OK  [0m] Started Monitoring of LVM2 mirrors,...ng dmeventd or progress polling.
[[0;32m  OK  [0m] Started udev Kernel Device Manager.
[[0;32m  OK  [0m] Started Set console keymap.
[[0;32m  OK  [0m] Reached target Local File Systems (Pre).
[[0;32m  OK  [0m] Reached target Local File Systems.
         Starting Set console font and keymap...
         Starting Tell Plymouth To Write Out Runtime Data...
         Starting Create Volatile Files and Directories...
         Starting LSB: AppArmor initialization...
         Starting Initial cloud-init job (pre-networking)...
[[0;32m  OK  [0m] Started udev Coldplug all Devices.
[[0;32m  OK  [0m] Started Dispatch Password Requests to Console Directory Watch.
[[0;32m  OK  [0m] Started Create Volatile Files and Directories.
         Starting Update UTMP about System Boot/Shutdown...
[[0;32m  OK  [0m] Started Tell Plymouth To Write Out Runtime Data.
[[0;32m  OK  [0m] Started Update UTMP about System Boot/Shutdown.
[[0;32m  OK  [0m] Started LSB: AppArmor initialization.
[[0;32m  OK  [0m] Found device /dev/ttyS0.
[[0;32m  OK  [0m] Found device 82540EM Gigabit Ethern...r (PRO/1000 MT Desktop Adapter).
[[0;32m  OK  [0m] Found device 82540EM Gigabit Ethern...r (PRO/1000 MT Desktop Adapter).
[[0;32m  OK  [0m] Listening on Load/Save RF Kill Switch Status /dev/rfkill Watch.
[   10.478342] cloud-init[497]: Cloud-init v. 19.4-33-gbb4131a2-0ubuntu1~16.04.1 running 'init-local' at Wed, 01 Jul 2020 09:48:33 +0000. Up 10.18 seconds.
[[0;32m  OK  [0m] Started Initial cloud-init job (pre-networking).
[[0;32m  OK  [0m] Reached target Network (Pre).
[[0;32m  OK  [0m] Started ifup for enp0s3.
         Starting Raise network interfaces...
[[0;32m  OK  [0m] Started ifup for enp0s8.
[[0;32m  OK  [0m] Started Set console font and keymap.
[[0;32m  OK  [0m] Created slice system-getty.slice.
[[0;32m  OK  [0m] Started Raise network interfaces.
[[0;32m  OK  [0m] Reached target Network.
         Starting Initial cloud-init job (metadata service crawler)...
[   11.479414] cloud-init[1082]: Cloud-init v. 19.4-33-gbb4131a2-0ubuntu1~16.04.1 running 'init' at Wed, 01 Jul 2020 09:48:34 +0000. Up 11.18 seconds.
[   11.481613] cloud-init[1082]: ci-info: ++++++++++++++++++++++++++++++++++++++Net device info+++++++++++++++++++++++++++++++++++++++
[   11.483348] cloud-init[1082]: ci-info: +--------+------+-----------------------------+---------------+--------+-------------------+
[   11.485108] cloud-init[1082]: ci-info: | Device |  Up  |           Address           |      Mask     | Scope  |     Hw-Address    |
[   11.487361] cloud-init[1082]: ci-info: +--------+------+-----------------------------+---------------+--------+-------------------+
[   11.496655] cloud-init[1082]: ci-info: | enp0s3 | True |          10.0.2.15          | 255.255.255.0 | global | 02:89:fa:04:16:8f |
[   11.504854] cloud-init[1082]: ci-info: | enp0s3 | True |  fe80::89:faff:fe04:168f/64 |       .       |  link  | 02:89:fa:04:16:8f |
[   11.506497] cloud-init[1082]: ci-info: | enp0s8 | True |        192.168.10.100       | 255.255.255.0 | global | 08:00:27:02:ad:02 |
[   11.507849] cloud-init[1082]: ci-info: | enp0s8 | True | fe80::a00:27ff:fe02:ad02/64 |       .       |  link  | 08:00:27:02:ad:02 |
[   11.509378] cloud-init[1082]: ci-info: |   lo   | True |          127.0.0.1          |   255.0.0.0   |  host  |         .         |
[   11.511288] cloud-init[1082]: ci-info: |   lo   | True |           ::1/128           |       .       |  host  |         .         |
[   11.513107] cloud-init[1082]: ci-info: +--------+------+-----------------------------+---------------+--------+-------------------+
[   11.515787] cloud-init[1082]: ci-info: ++++++++++++++++++++++++++++Route IPv4 info++++++++++++++++++++++++++++
[   11.524425] [cloud-init[0;32m  OK  [0m[1082]: ] ci-info: +-------+--------------+----------+---------------+-----------+-------+Started Initial cloud-init job (metadata service crawler).

[   11.524978] [cloud-init[0;32m  OK  [0m[1082]: ] ci-info: | Route | Destination  | Gateway  |    Genmask    | Interface | Flags |Reached target System Initialization.

[   11.533132] [cloud-init[0;32m  OK  [0m[1082]: ] ci-info: +-------+--------------+----------+---------------+-----------+-------+Started Message of the Day.

[   11.540918] [cloud-init[0;32m  OK  [0m[1082]: ] ci-info: |   0   |   0.0.0.0    | 10.0.2.2 |    0.0.0.0    |   enp0s3  |   UG  |Started ACPI Events Check.

[   11.548855] [cloud-init[0;32m  OK  [0m[1082]: ] ci-info: |   1   |   10.0.2.0   | 0.0.0.0  | 255.255.255.0 |   enp0s3  |   U   |Reached target Paths.

[[0;32m  OK  [0m] Listening on ACPID Listen Socket.
[[0;32m  OK  [0m] Listening on UUID daemon activation socket.
[[0;32m  OK  [0m] Started Daily apt download activities.
[[0;32m  OK  [0m] Started Daily apt upgrade and clean activities.
[   11.549597] cloud-init         Starting LXD - unix socket.
[[0;32m  OK  [0m] Listening on D-Bus System Message Bus Socket.
         Starting Socket activation for snappy daemon.
[[0;32m  OK  [0m] Started Daily Cleanup of Temporary Directories.
[[0;32m  OK  [0m] Reached target Timers.
[[0;32m  OK  [0m] Reached target Network is Online.
[1082]: ci-info: |   2   | 192.168.10.0 | 0.0.0.0  | 255.255.255.0 |   enp0s8  |   U   |
[   11.562029] cloud-init[1082]: ci-info: +-------+--------------+----------+---------------+-----------+-------+
[   11.563359] cloud-init[1082]: ci-info: +++++++++++++++++++Route IPv6 info+++++++++++++++++++
[   11.564580] cloud-init[1082]: ci-info: +-------+-------------+---------+-----------+-------+
[   11.565843] cloud-init[1082]: ci-info: | Route | Destination | Gateway | Interface | Flags |
[   11.573150]          Starting iSCSI initiator daemon (iscsid)...
[[0;32m  OK  [0m] Reached target Cloud-config availability.
cloud-init[1082]: ci-info: +-------+-------------+---------+-----------+-------+
[   11.575236] [[0;32m  OK  [0m] Listening on LXD - unix socket.
[[0;32m  OK  [0m] Listening on Socket activation for snappy daemon.
[cloud-init[0;32m  OK  [0m] Reached target Sockets.
[[0;32m  OK  [0m] Reached target Basic System.
[1082]: ci-info: |   0   |  fe80::/64  |    ::   |   enp0s8  |   U   |         Starting A high performance web server and a reverse proxy server...
         Starting LSB: MD monitoring daemon...
         Starting LSB: Record successful boot for GRUB...
         Starting System Logging Service...

[   11.584346] cloud-init[1082]: ci-info: |   1   |  fe80::/64  |    ::   |   enp0s3  |   U   |
         Starting Virtualbox guest utils...
         Starting LXD - container startup/shutdown...
[[0;32m  OK  [0m] Started Deferred execution scheduler.
[   11.589423] cloud-init         Starting /etc/rc.local Compatibility...
[1082]: ci-info: |   4   |   ff00::/8  |    ::   |   enp0s8  |   U   |[[0;32m  OK  [0m] Started ACPI event daemon.

[   11.604292] [cloud-init[0;32m  OK  [0m[1082]: ] ci-info: |   5   |   ff00::/8  |    ::   |   enp0s3  |   U   |Started D-Bus System Message Bus.

[   11.605930] cloud-init[1082]: ci-info: +-------+-------------+---------+-----------+-------+
         Starting Login Service...
         Starting Accounts Service...
[[0;32m  OK  [0m] Started FUSE filesystem for LXC.
[[0;32m  OK  [0m] Started Regular background program processing daemon.
         Starting Snappy daemon...
         Starting OpenBSD Secure Shell server...
[[0;32m  OK  [0m] Started System Logging Service.
[[0;32m  OK  [0m] Started /etc/rc.local Compatibility.
[[0;32m  OK  [0m] Started iSCSI initiator daemon (iscsid).
[[0;32m  OK  [0m] Started Login Service.
[[0;32m  OK  [0m] Started Unattended Upgrades Shutdown.
         Starting Login to default iSCSI targets...
[[0;32m  OK  [0m] Started LSB: Record successful boot for GRUB.
[[0;32m  OK  [0m] Started A high performance web server and a reverse proxy server.
[[0;32m  OK  [0m] Started Login to default iSCSI targets.
[[0;32m  OK  [0m] Started LSB: MD monitoring daemon.
         Starting Authenticate and Authorize Users to Run Privileged Tasks...
[[0;32m  OK  [0m] Reached target Remote File Systems (Pre).
[[0;32m  OK  [0m] Reached target Remote File Systems.
         Starting Permit User Sessions...
         Starting LSB: Set the CPU Frequency Scaling governor to "ondemand"...
         Starting LSB: automatic crash report generation...
         Starting LSB: daemon to balance interrupts for SMP systems...
[[0;32m  OK  [0m] Started OpenBSD Secure Shell server.
[[0;32m  OK  [0m] Started LXD - container startup/shutdown.
[[0;32m  OK  [0m] Started Permit User Sessions.
         Starting Terminate Plymouth Boot Screen...
         Starting Hold until boot process finishes up...
[[0;32m  OK  [0m] Started Terminate Plymouth Boot Screen.
[[0;32m  OK  [0m] Started Hold until boot process finishes up.
         Starting Set console scheme...
[[0;32m  OK  [0m] Started Serial Getty on ttyS0.
[[0;32m  OK  [0m] Started Getty on tty1.
[[0;32m  OK  [0m] Reached target Login Prompts.
[[0;32m  OK  [0m] Started Virtualbox guest utils.
[[0;32m  OK  [0m] Started LSB: Set the CPU Frequency Scaling governor to "ondemand".
[[0;32m  OK  [0m] Started Set console scheme.
[[0;32m  OK  [0m] Started LSB: automatic crash report generation.
[[0;32m  OK  [0m] Started Authenticate and Authorize Users to Run Privileged Tasks.
[[0;32m  OK  [0m] Started Accounts Service.
[[0;32m  OK  [0m] Started LSB: daemon to balance interrupts for SMP systems.
[[0;32m  OK  [0m] Created slice User Slice of vagrant.
         Starting User Manager for UID 1000...
[[0;32m  OK  [0m] Started Session 1 of user vagrant.
[[0;32m  OK  [0m] Started User Manager for UID 1000.
[[0;32m  OK  [0m] Started Snappy daemon.
         Starting Wait until snapd is fully seeded...
[[0;32m  OK  [0m] Started Wait until snapd is fully seeded.
         Starting Apply the settings specified in cloud-config...
[[0;32m  OK  [0m] Reached target Multi-User System.
[[0;32m  OK  [0m] Reached target Graphical Interface.
         Starting Update UTMP about System Runlevel Changes...
[[0;32m  OK  [0m] Started Update UTMP about System Runlevel Changes.
[   12.760188] cloud-init[1384]: Cloud-init v. 19.4-33-gbb4131a2-0ubuntu1~16.04.1 running 'modules:config' at Wed, 01 Jul 2020 09:48:36 +0000. Up 12.64 seconds.
[[0;32m  OK  [0m] Started Apply the settings specified in cloud-config.
         Starting Execute cloud user/final scripts...
[   13.329768] cloud-init[1447]: Cloud-init v. 19.4-33-gbb4131a2-0ubuntu1~16.04.1 running 'modules:final' at Wed, 01 Jul 2020 09:48:36 +0000. Up 13.19 seconds.
[   13.332505] cloud-init[1447]: Cloud-init v. 19.4-33-gbb4131a2-0ubuntu1~16.04.1 finished at Wed, 01 Jul 2020 09:48:36 +0000. Datasource DataSourceNoCloud [seed=/dev/sdb][dsmode=net].  Up 13.32 seconds
[[0;32m  OK  [0m] Started Execute cloud user/final scripts.
[[0;32m  OK  [0m] Reached target Cloud-init target.

Ubuntu 16.04.6 LTS ubuntu-xenial ttyS0

ubuntu-xenial login: 